# JRE version: OpenJDK Runtime Environment (8.0_92-b14) (build 1.8.0_92-b14)
# Java VM: OpenJDK 64-Bit Server VM (25.92-b14 mixed mode linux-amd64 compressed oops)
Heap:
 PSYoungGen      total 127488K, used 8183K [0x00000000ec300000, 0x00000000f4780000, 0x0000000100000000)
  eden space 119296K, 0% used [0x00000000ec300000,0x00000000ec300000,0x00000000f3780000)
  from space 8192K, 99% used [0x00000000f3780000,0x00000000f3f7de40,0x00000000f3f80000)
  to   space 5120K, 0% used [0x00000000f4280000,0x00000000f4280000,0x00000000f4780000)
 ParOldGen       total 61440K, used 61183K [0x00000000c4800000, 0x00000000c8400000, 0x00000000ec300000)
  object space 61440K, 99% used [0x00000000c4800000,0x00000000c83bfcd8,0x00000000c8400000)
 Metaspace       used 26158K, capacity 26444K, committed 26752K, reserved 1073152K
  class space    used 3510K, capacity 3598K, committed 3712K, reserved 1048576K
GC Heap History (10 events):
Event: 18,702 GC heap after
Heap after GC invocations=6 (full 0):
 PSYoungGen      total 69120K, used 5206K [0x00000000ec300000, 0x00000000f0e00000, 0x0000000100000000)
  eden space 61440K, 0% used [0x00000000ec300000,0x00000000ec300000,0x00000000eff00000)
  from space 7680K, 67% used [0x00000000f0680000,0x00000000f0b95b78,0x00000000f0e00000)
  to   space 7680K, 0% used [0x00000000eff00000,0x00000000eff00000,0x00000000f0680000)
 ParOldGen       total 40960K, used 10531K [0x00000000c4800000, 0x00000000c7000000, 0x00000000ec300000)
  object space 40960K, 25% used [0x00000000c4800000,0x00000000c5248da8,0x00000000c7000000)
 Metaspace       used 20034K, capacity 20268K, committed 20608K, reserved 1067008K
  class space    used 2521K, capacity 2606K, committed 2688K, reserved 1048576K
}
Event: 18,788 GC heap before
{Heap before GC invocations=7 (full 0):
 PSYoungGen      total 69120K, used 14663K [0x00000000ec300000, 0x00000000f0e00000, 0x0000000100000000)
  eden space 61440K, 15% used [0x00000000ec300000,0x00000000ecc3c2e8,0x00000000eff00000)
  from space 7680K, 67% used [0x00000000f0680000,0x00000000f0b95b78,0x00000000f0e00000)
  to   space 7680K, 0% used [0x00000000eff00000,0x00000000eff00000,0x00000000f0680000)
 ParOldGen       total 40960K, used 10531K [0x00000000c4800000, 0x00000000c7000000, 0x00000000ec300000)
  object space 40960K, 25% used [0x00000000c4800000,0x00000000c5248da8,0x00000000c7000000)
 Metaspace       used 20839K, capacity 21036K, committed 21248K, reserved 1067008K
  class space    used 2659K, capacity 2734K, committed 2816K, reserved 1048576K
Event: 18,793 GC heap after
Heap after GC invocations=7 (full 0):
 PSYoungGen      total 69120K, used 2386K [0x00000000ec300000, 0x00000000f4a00000, 0x0000000100000000)
  eden space 61440K, 0% used [0x00000000ec300000,0x00000000ec300000,0x00000000eff00000)
  from space 7680K, 31% used [0x00000000eff00000,0x00000000f0154b80,0x00000000f0680000)
  to   space 7680K, 0% used [0x00000000f4280000,0x00000000f4280000,0x00000000f4a00000)
 ParOldGen       total 40960K, used 11625K [0x00000000c4800000, 0x00000000c7000000, 0x00000000ec300000)
  object space 40960K, 28% used [0x00000000c4800000,0x00000000c535a420,0x00000000c7000000)
 Metaspace       used 20839K, capacity 21036K, committed 21248K, reserved 1067008K
  class space    used 2659K, capacity 2734K, committed 2816K, reserved 1048576K
}
Event: 18,793 GC heap before
{Heap before GC invocations=8 (full 1):
 PSYoungGen      total 69120K, used 2386K [0x00000000ec300000, 0x00000000f4a00000, 0x0000000100000000)
  eden space 61440K, 0% used [0x00000000ec300000,0x00000000ec300000,0x00000000eff00000)
  from space 7680K, 31% used [0x00000000eff00000,0x00000000f0154b80,0x00000000f0680000)
  to   space 7680K, 0% used [0x00000000f4280000,0x00000000f4280000,0x00000000f4a00000)
 ParOldGen       total 40960K, used 11625K [0x00000000c4800000, 0x00000000c7000000, 0x00000000ec300000)
  object space 40960K, 28% used [0x00000000c4800000,0x00000000c535a420,0x00000000c7000000)
 Metaspace       used 20839K, capacity 21036K, committed 21248K, reserved 1067008K
  class space    used 2659K, capacity 2734K, committed 2816K, reserved 1048576K
Event: 18,829 GC heap after
Heap after GC invocations=8 (full 1):
 PSYoungGen      total 69120K, used 0K [0x00000000ec300000, 0x00000000f4a00000, 0x0000000100000000)
  eden space 61440K, 0% used [0x00000000ec300000,0x00000000ec300000,0x00000000eff00000)
  from space 7680K, 0% used [0x00000000eff00000,0x00000000eff00000,0x00000000f0680000)
  to   space 7680K, 0% used [0x00000000f4280000,0x00000000f4280000,0x00000000f4a00000)
 ParOldGen       total 26624K, used 5311K [0x00000000c4800000, 0x00000000c6200000, 0x00000000ec300000)
  object space 26624K, 19% used [0x00000000c4800000,0x00000000c4d2fee8,0x00000000c6200000)
 Metaspace       used 20839K, capacity 21036K, committed 21248K, reserved 1067008K
  class space    used 2659K, capacity 2734K, committed 2816K, reserved 1048576K
}
Event: 18,845 GC heap before
{Heap before GC invocations=9 (full 1):
 PSYoungGen      total 69120K, used 3109K [0x00000000ec300000, 0x00000000f4a00000, 0x0000000100000000)
  eden space 61440K, 5% used [0x00000000ec300000,0x00000000ec6096e0,0x00000000eff00000)
  from space 7680K, 0% used [0x00000000eff00000,0x00000000eff00000,0x00000000f0680000)
  to   space 7680K, 0% used [0x00000000f4280000,0x00000000f4280000,0x00000000f4a00000)
 ParOldGen       total 26624K, used 5311K [0x00000000c4800000, 0x00000000c6200000, 0x00000000ec300000)
  object space 26624K, 19% used [0x00000000c4800000,0x00000000c4d2fee8,0x00000000c6200000)
 Metaspace       used 20956K, capacity 21196K, committed 21504K, reserved 1069056K
  class space    used 2679K, capacity 2766K, committed 2816K, reserved 1048576K
Event: 18,847 GC heap after
Heap after GC invocations=9 (full 1):
 PSYoungGen      total 124416K, used 197K [0x00000000ec300000, 0x00000000f4780000, 0x0000000100000000)
  eden space 119296K, 0% used [0x00000000ec300000,0x00000000ec300000,0x00000000f3780000)
  from space 5120K, 3% used [0x00000000f4280000,0x00000000f42b14d8,0x00000000f4780000)
  to   space 8192K, 0% used [0x00000000f3780000,0x00000000f3780000,0x00000000f3f80000)
 ParOldGen       total 26624K, used 5311K [0x00000000c4800000, 0x00000000c6200000, 0x00000000ec300000)
  object space 26624K, 19% used [0x00000000c4800000,0x00000000c4d2fee8,0x00000000c6200000)
 Metaspace       used 20956K, capacity 21196K, committed 21504K, reserved 1069056K
  class space    used 2679K, capacity 2766K, committed 2816K, reserved 1048576K
}
Event: 18,847 GC heap before
{Heap before GC invocations=10 (full 2):
 PSYoungGen      total 124416K, used 197K [0x00000000ec300000, 0x00000000f4780000, 0x0000000100000000)
  eden space 119296K, 0% used [0x00000000ec300000,0x00000000ec300000,0x00000000f3780000)
  from space 5120K, 3% used [0x00000000f4280000,0x00000000f42b14d8,0x00000000f4780000)
  to   space 8192K, 0% used [0x00000000f3780000,0x00000000f3780000,0x00000000f3f80000)
 ParOldGen       total 26624K, used 5311K [0x00000000c4800000, 0x00000000c6200000, 0x00000000ec300000)
  object space 26624K, 19% used [0x00000000c4800000,0x00000000c4d2fee8,0x00000000c6200000)
 Metaspace       used 20956K, capacity 21196K, committed 21504K, reserved 1069056K
  class space    used 2679K, capacity 2766K, committed 2816K, reserved 1048576K
Event: 18,868 GC heap after
Heap after GC invocations=10 (full 2):
 PSYoungGen      total 124416K, used 0K [0x00000000ec300000, 0x00000000f4780000, 0x0000000100000000)
  eden space 119296K, 0% used [0x00000000ec300000,0x00000000ec300000,0x00000000f3780000)
  from space 5120K, 0% used [0x00000000f4280000,0x00000000f4280000,0x00000000f4780000)
  to   space 8192K, 0% used [0x00000000f3780000,0x00000000f3780000,0x00000000f3f80000)
 ParOldGen       total 26624K, used 4783K [0x00000000c4800000, 0x00000000c6200000, 0x00000000ec300000)
  object space 26624K, 17% used [0x00000000c4800000,0x00000000c4cabe18,0x00000000c6200000)
 Metaspace       used 20956K, capacity 21196K, committed 21504K, reserved 1069056K
  class space    used 2679K, capacity 2766K, committed 2816K, reserved 1048576K
}
Event: 19,685 GC heap before
{Heap before GC invocations=11 (full 2):
 PSYoungGen      total 124416K, used 119296K [0x00000000ec300000, 0x00000000f4780000, 0x0000000100000000)
  eden space 119296K, 100% used [0x00000000ec300000,0x00000000f3780000,0x00000000f3780000)
  from space 5120K, 0% used [0x00000000f4280000,0x00000000f4280000,0x00000000f4780000)
  to   space 8192K, 0% used [0x00000000f3780000,0x00000000f3780000,0x00000000f3f80000)
 ParOldGen       total 26624K, used 4783K [0x00000000c4800000, 0x00000000c6200000, 0x00000000ec300000)
  object space 26624K, 17% used [0x00000000c4800000,0x00000000c4cabe18,0x00000000c6200000)
 Metaspace       used 26158K, capacity 26444K, committed 26752K, reserved 1073152K
  class space    used 3510K, capacity 3598K, committed 3712K, reserved 1048576K

