# JRE version: OpenJDK Runtime Environment (8.0_92-b14) (build 1.8.0_92-b14)
# Java VM: OpenJDK 64-Bit Server VM (25.92-b14 mixed mode linux-amd64 compressed oops)
Heap:
 PSYoungGen      total 165376K, used 51685K [0x00000000ec300000, 0x00000000fbc00000, 0x0000000100000000)
  eden space 113664K, 0% used [0x00000000ec300000,0x00000000ec300000,0x00000000f3200000)
  from space 51712K, 99% used [0x00000000f8980000,0x00000000fbbf96f8,0x00000000fbc00000)
  to   space 29184K, 0% used [0x00000000f3200000,0x00000000f3200000,0x00000000f4e80000)
 ParOldGen       total 142848K, used 142040K [0x00000000c4800000, 0x00000000cd380000, 0x00000000ec300000)
  object space 142848K, 99% used [0x00000000c4800000,0x00000000cd2b62e8,0x00000000cd380000)
 Metaspace       used 34129K, capacity 34476K, committed 34688K, reserved 1079296K
  class space    used 4580K, capacity 4698K, committed 4736K, reserved 1048576K
GC Heap History (10 events):
Event: 21,616 GC heap after
Heap after GC invocations=15 (full 3):
 PSYoungGen      total 99328K, used 5080K [0x00000000ec300000, 0x00000000f6e80000, 0x0000000100000000)
  eden space 89088K, 0% used [0x00000000ec300000,0x00000000ec300000,0x00000000f1a00000)
  from space 10240K, 49% used [0x00000000f3900000,0x00000000f3df61c8,0x00000000f4300000)
  to   space 31744K, 0% used [0x00000000f1a00000,0x00000000f1a00000,0x00000000f3900000)
 ParOldGen       total 116736K, used 67807K [0x00000000c4800000, 0x00000000cba00000, 0x00000000ec300000)
  object space 116736K, 58% used [0x00000000c4800000,0x00000000c8a37d58,0x00000000cba00000)
 Metaspace       used 28077K, capacity 28332K, committed 28672K, reserved 1075200K
  class space    used 3736K, capacity 3822K, committed 3840K, reserved 1048576K
}
Event: 22,821 GC heap before
{Heap before GC invocations=16 (full 3):
 PSYoungGen      total 99328K, used 94168K [0x00000000ec300000, 0x00000000f6e80000, 0x0000000100000000)
  eden space 89088K, 100% used [0x00000000ec300000,0x00000000f1a00000,0x00000000f1a00000)
  from space 10240K, 49% used [0x00000000f3900000,0x00000000f3df61c8,0x00000000f4300000)
  to   space 31744K, 0% used [0x00000000f1a00000,0x00000000f1a00000,0x00000000f3900000)
 ParOldGen       total 116736K, used 67807K [0x00000000c4800000, 0x00000000cba00000, 0x00000000ec300000)
  object space 116736K, 58% used [0x00000000c4800000,0x00000000c8a37d58,0x00000000cba00000)
 Metaspace       used 33632K, capacity 33930K, committed 34176K, reserved 1079296K
  class space    used 4536K, capacity 4655K, committed 4736K, reserved 1048576K
Event: 22,838 GC heap after
Heap after GC invocations=16 (full 3):
 PSYoungGen      total 120832K, used 8207K [0x00000000ec300000, 0x00000000f6c00000, 0x0000000100000000)
  eden space 89088K, 0% used [0x00000000ec300000,0x00000000ec300000,0x00000000f1a00000)
  from space 31744K, 25% used [0x00000000f1a00000,0x00000000f2203c48,0x00000000f3900000)
  to   space 29696K, 0% used [0x00000000f4f00000,0x00000000f4f00000,0x00000000f6c00000)
 ParOldGen       total 116736K, used 70120K [0x00000000c4800000, 0x00000000cba00000, 0x00000000ec300000)
  object space 116736K, 60% used [0x00000000c4800000,0x00000000c8c7a1b8,0x00000000cba00000)
 Metaspace       used 33632K, capacity 33930K, committed 34176K, reserved 1079296K
  class space    used 4536K, capacity 4655K, committed 4736K, reserved 1048576K
}
Event: 22,898 GC heap before
{Heap before GC invocations=17 (full 3):
 PSYoungGen      total 120832K, used 9711K [0x00000000ec300000, 0x00000000f6c00000, 0x0000000100000000)
  eden space 89088K, 1% used [0x00000000ec300000,0x00000000ec4781e0,0x00000000f1a00000)
  from space 31744K, 25% used [0x00000000f1a00000,0x00000000f2203c48,0x00000000f3900000)
  to   space 29696K, 0% used [0x00000000f4f00000,0x00000000f4f00000,0x00000000f6c00000)
 ParOldGen       total 116736K, used 70120K [0x00000000c4800000, 0x00000000cba00000, 0x00000000ec300000)
  object space 116736K, 60% used [0x00000000c4800000,0x00000000c8c7a1b8,0x00000000cba00000)
 Metaspace       used 33701K, capacity 34006K, committed 34176K, reserved 1079296K
  class space    used 4550K, capacity 4657K, committed 4736K, reserved 1048576K
Event: 22,905 GC heap after
Heap after GC invocations=17 (full 3):
 PSYoungGen      total 142336K, used 2093K [0x00000000ec300000, 0x00000000f6b00000, 0x0000000100000000)
  eden space 113664K, 0% used [0x00000000ec300000,0x00000000ec300000,0x00000000f3200000)
  from space 28672K, 7% used [0x00000000f4f00000,0x00000000f510b4f8,0x00000000f6b00000)
  to   space 29184K, 0% used [0x00000000f3200000,0x00000000f3200000,0x00000000f4e80000)
 ParOldGen       total 116736K, used 70128K [0x00000000c4800000, 0x00000000cba00000, 0x00000000ec300000)
  object space 116736K, 60% used [0x00000000c4800000,0x00000000c8c7c1b8,0x00000000cba00000)
 Metaspace       used 33701K, capacity 34006K, committed 34176K, reserved 1079296K
  class space    used 4550K, capacity 4657K, committed 4736K, reserved 1048576K
}
Event: 22,905 GC heap before
{Heap before GC invocations=18 (full 4):
 PSYoungGen      total 142336K, used 2093K [0x00000000ec300000, 0x00000000f6b00000, 0x0000000100000000)
  eden space 113664K, 0% used [0x00000000ec300000,0x00000000ec300000,0x00000000f3200000)
  from space 28672K, 7% used [0x00000000f4f00000,0x00000000f510b4f8,0x00000000f6b00000)
  to   space 29184K, 0% used [0x00000000f3200000,0x00000000f3200000,0x00000000f4e80000)
 ParOldGen       total 116736K, used 70128K [0x00000000c4800000, 0x00000000cba00000, 0x00000000ec300000)
  object space 116736K, 60% used [0x00000000c4800000,0x00000000c8c7c1b8,0x00000000cba00000)
 Metaspace       used 33701K, capacity 34006K, committed 34176K, reserved 1079296K
  class space    used 4550K, capacity 4657K, committed 4736K, reserved 1048576K
Event: 22,961 GC heap after
Heap after GC invocations=18 (full 4):
 PSYoungGen      total 142336K, used 0K [0x00000000ec300000, 0x00000000f6b00000, 0x0000000100000000)
  eden space 113664K, 0% used [0x00000000ec300000,0x00000000ec300000,0x00000000f3200000)
  from space 28672K, 0% used [0x00000000f4f00000,0x00000000f4f00000,0x00000000f6b00000)
  to   space 29184K, 0% used [0x00000000f3200000,0x00000000f3200000,0x00000000f4e80000)
 ParOldGen       total 116736K, used 7062K [0x00000000c4800000, 0x00000000cba00000, 0x00000000ec300000)
  object space 116736K, 6% used [0x00000000c4800000,0x00000000c4ee5be0,0x00000000cba00000)
 Metaspace       used 33701K, capacity 34006K, committed 34176K, reserved 1079296K
  class space    used 4550K, capacity 4657K, committed 4736K, reserved 1048576K
}
Event: 23,292 GC heap before
{Heap before GC invocations=19 (full 4):
 PSYoungGen      total 142336K, used 113664K [0x00000000ec300000, 0x00000000f6b00000, 0x0000000100000000)
  eden space 113664K, 100% used [0x00000000ec300000,0x00000000f3200000,0x00000000f3200000)
  from space 28672K, 0% used [0x00000000f4f00000,0x00000000f4f00000,0x00000000f6b00000)
  to   space 29184K, 0% used [0x00000000f3200000,0x00000000f3200000,0x00000000f4e80000)
 ParOldGen       total 116736K, used 7062K [0x00000000c4800000, 0x00000000cba00000, 0x00000000ec300000)
  object space 116736K, 6% used [0x00000000c4800000,0x00000000c4ee5be0,0x00000000cba00000)
 Metaspace       used 34092K, capacity 34412K, committed 34688K, reserved 1079296K
  class space    used 4578K, capacity 4698K, committed 4736K, reserved 1048576K
Event: 23,345 GC heap after
Heap after GC invocations=19 (full 4):
 PSYoungGen      total 142848K, used 29178K [0x00000000ec300000, 0x00000000fbc00000, 0x0000000100000000)
  eden space 113664K, 0% used [0x00000000ec300000,0x00000000ec300000,0x00000000f3200000)
  from space 29184K, 99% used [0x00000000f3200000,0x00000000f4e7eac8,0x00000000f4e80000)
  to   space 51712K, 0% used [0x00000000f8980000,0x00000000f8980000,0x00000000fbc00000)
 ParOldGen       total 116736K, used 52688K [0x00000000c4800000, 0x00000000cba00000, 0x00000000ec300000)
  object space 116736K, 45% used [0x00000000c4800000,0x00000000c7b74130,0x00000000cba00000)
 Metaspace       used 34092K, capacity 34412K, committed 34688K, reserved 1079296K
  class space    used 4578K, capacity 4698K, committed 4736K, reserved 1048576K
}
Event: 23,379 GC heap before
{Heap before GC invocations=20 (full 4):
 PSYoungGen      total 142848K, used 142842K [0x00000000ec300000, 0x00000000fbc00000, 0x0000000100000000)
  eden space 113664K, 100% used [0x00000000ec300000,0x00000000f3200000,0x00000000f3200000)
  from space 29184K, 99% used [0x00000000f3200000,0x00000000f4e7eac8,0x00000000f4e80000)
  to   space 51712K, 0% used [0x00000000f8980000,0x00000000f8980000,0x00000000fbc00000)
 ParOldGen       total 116736K, used 52688K [0x00000000c4800000, 0x00000000cba00000, 0x00000000ec300000)
  object space 116736K, 45% used [0x00000000c4800000,0x00000000c7b74130,0x00000000cba00000)
 Metaspace       used 34129K, capacity 34476K, committed 34688K, reserved 1079296K
  class space    used 4580K, capacity 4698K, committed 4736K, reserved 1048576K

