# JRE version: OpenJDK Runtime Environment (8.0_92-b14) (build 1.8.0_92-b14)
# Java VM: OpenJDK 64-Bit Server VM (25.92-b14 mixed mode linux-amd64 compressed oops)
Heap:
 PSYoungGen      total 171520K, used 60413K [0x00000000ec300000, 0x0000000100000000, 0x0000000100000000)
  eden space 108544K, 0% used [0x00000000ec300000,0x00000000ec300000,0x00000000f2d00000)
  from space 62976K, 95% used [0x00000000fb780000,0x00000000ff27f538,0x00000000ff500000)
  to   space 108032K, 0% used [0x00000000f2d00000,0x00000000f2d00000,0x00000000f9680000)
 ParOldGen       total 227840K, used 227726K [0x00000000c4800000, 0x00000000d2680000, 0x00000000ec300000)
  object space 227840K, 99% used [0x00000000c4800000,0x00000000d2663808,0x00000000d2680000)
 Metaspace       used 34216K, capacity 34540K, committed 34688K, reserved 1079296K
  class space    used 4593K, capacity 4698K, committed 4736K, reserved 1048576K
GC Heap History (10 events):
Event: 19,078 GC heap after
Heap after GC invocations=13 (full 3):
 PSYoungGen      total 160768K, used 15631K [0x00000000ec300000, 0x00000000fcd80000, 0x0000000100000000)
  eden space 144896K, 0% used [0x00000000ec300000,0x00000000ec300000,0x00000000f5080000)
  from space 15872K, 98% used [0x00000000fbe00000,0x00000000fcd43fc0,0x00000000fcd80000)
  to   space 30208K, 0% used [0x00000000f9280000,0x00000000f9280000,0x00000000fb000000)
 ParOldGen       total 111104K, used 58846K [0x00000000c4800000, 0x00000000cb480000, 0x00000000ec300000)
  object space 111104K, 52% used [0x00000000c4800000,0x00000000c8177bc8,0x00000000cb480000)
 Metaspace       used 33685K, capacity 34006K, committed 34176K, reserved 1079296K
  class space    used 4548K, capacity 4657K, committed 4736K, reserved 1048576K
}
Event: 19,078 GC heap before
{Heap before GC invocations=14 (full 4):
 PSYoungGen      total 160768K, used 15631K [0x00000000ec300000, 0x00000000fcd80000, 0x0000000100000000)
  eden space 144896K, 0% used [0x00000000ec300000,0x00000000ec300000,0x00000000f5080000)
  from space 15872K, 98% used [0x00000000fbe00000,0x00000000fcd43fc0,0x00000000fcd80000)
  to   space 30208K, 0% used [0x00000000f9280000,0x00000000f9280000,0x00000000fb000000)
 ParOldGen       total 111104K, used 58846K [0x00000000c4800000, 0x00000000cb480000, 0x00000000ec300000)
  object space 111104K, 52% used [0x00000000c4800000,0x00000000c8177bc8,0x00000000cb480000)
 Metaspace       used 33685K, capacity 34006K, committed 34176K, reserved 1079296K
  class space    used 4548K, capacity 4657K, committed 4736K, reserved 1048576K
Event: 19,134 GC heap after
Heap after GC invocations=14 (full 4):
 PSYoungGen      total 160768K, used 0K [0x00000000ec300000, 0x00000000fcd80000, 0x0000000100000000)
  eden space 144896K, 0% used [0x00000000ec300000,0x00000000ec300000,0x00000000f5080000)
  from space 15872K, 0% used [0x00000000fbe00000,0x00000000fbe00000,0x00000000fcd80000)
  to   space 30208K, 0% used [0x00000000f9280000,0x00000000f9280000,0x00000000fb000000)
 ParOldGen       total 111104K, used 13832K [0x00000000c4800000, 0x00000000cb480000, 0x00000000ec300000)
  object space 111104K, 12% used [0x00000000c4800000,0x00000000c5582390,0x00000000cb480000)
 Metaspace       used 33685K, capacity 34006K, committed 34176K, reserved 1079296K
  class space    used 4548K, capacity 4657K, committed 4736K, reserved 1048576K
}
Event: 19,482 GC heap before
{Heap before GC invocations=15 (full 4):
 PSYoungGen      total 160768K, used 144884K [0x00000000ec300000, 0x00000000fcd80000, 0x0000000100000000)
  eden space 144896K, 99% used [0x00000000ec300000,0x00000000f507d090,0x00000000f5080000)
  from space 15872K, 0% used [0x00000000fbe00000,0x00000000fbe00000,0x00000000fcd80000)
  to   space 30208K, 0% used [0x00000000f9280000,0x00000000f9280000,0x00000000fb000000)
 ParOldGen       total 111104K, used 13832K [0x00000000c4800000, 0x00000000cb480000, 0x00000000ec300000)
  object space 111104K, 12% used [0x00000000c4800000,0x00000000c5582390,0x00000000cb480000)
 Metaspace       used 34080K, capacity 34412K, committed 34688K, reserved 1079296K
  class space    used 4575K, capacity 4698K, committed 4736K, reserved 1048576K
Event: 19,519 GC heap after
Heap after GC invocations=15 (full 4):
 PSYoungGen      total 217600K, used 30203K [0x00000000ec300000, 0x00000000ff500000, 0x0000000100000000)
  eden space 187392K, 0% used [0x00000000ec300000,0x00000000ec300000,0x00000000f7a00000)
  from space 30208K, 99% used [0x00000000f9280000,0x00000000faffecc8,0x00000000fb000000)
  to   space 62976K, 0% used [0x00000000fb780000,0x00000000fb780000,0x00000000ff500000)
 ParOldGen       total 111104K, used 87580K [0x00000000c4800000, 0x00000000cb480000, 0x00000000ec300000)
  object space 111104K, 78% used [0x00000000c4800000,0x00000000c9d87170,0x00000000cb480000)
 Metaspace       used 34080K, capacity 34412K, committed 34688K, reserved 1079296K
  class space    used 4575K, capacity 4698K, committed 4736K, reserved 1048576K
}
Event: 19,519 GC heap before
{Heap before GC invocations=16 (full 5):
 PSYoungGen      total 217600K, used 30203K [0x00000000ec300000, 0x00000000ff500000, 0x0000000100000000)
  eden space 187392K, 0% used [0x00000000ec300000,0x00000000ec300000,0x00000000f7a00000)
  from space 30208K, 99% used [0x00000000f9280000,0x00000000faffecc8,0x00000000fb000000)
  to   space 62976K, 0% used [0x00000000fb780000,0x00000000fb780000,0x00000000ff500000)
 ParOldGen       total 111104K, used 87580K [0x00000000c4800000, 0x00000000cb480000, 0x00000000ec300000)
  object space 111104K, 78% used [0x00000000c4800000,0x00000000c9d87170,0x00000000cb480000)
 Metaspace       used 34080K, capacity 34412K, committed 34688K, reserved 1079296K
  class space    used 4575K, capacity 4698K, committed 4736K, reserved 1048576K
Event: 19,581 GC heap after
Heap after GC invocations=16 (full 5):
 PSYoungGen      total 217600K, used 0K [0x00000000ec300000, 0x00000000ff500000, 0x0000000100000000)
  eden space 187392K, 0% used [0x00000000ec300000,0x00000000ec300000,0x00000000f7a00000)
  from space 30208K, 0% used [0x00000000f9280000,0x00000000f9280000,0x00000000fb000000)
  to   space 62976K, 0% used [0x00000000fb780000,0x00000000fb780000,0x00000000ff500000)
 ParOldGen       total 197120K, used 110767K [0x00000000c4800000, 0x00000000d0880000, 0x00000000ec300000)
  object space 197120K, 56% used [0x00000000c4800000,0x00000000cb42bf20,0x00000000d0880000)
 Metaspace       used 34080K, capacity 34412K, committed 34688K, reserved 1079296K
  class space    used 4575K, capacity 4698K, committed 4736K, reserved 1048576K
}
Event: 19,676 GC heap before
{Heap before GC invocations=17 (full 5):
 PSYoungGen      total 217600K, used 187390K [0x00000000ec300000, 0x00000000ff500000, 0x0000000100000000)
  eden space 187392K, 99% used [0x00000000ec300000,0x00000000f79ffb58,0x00000000f7a00000)
  from space 30208K, 0% used [0x00000000f9280000,0x00000000f9280000,0x00000000fb000000)
  to   space 62976K, 0% used [0x00000000fb780000,0x00000000fb780000,0x00000000ff500000)
 ParOldGen       total 197120K, used 110767K [0x00000000c4800000, 0x00000000d0880000, 0x00000000ec300000)
  object space 197120K, 56% used [0x00000000c4800000,0x00000000cb42bf20,0x00000000d0880000)
 Metaspace       used 34216K, capacity 34540K, committed 34688K, reserved 1079296K
  class space    used 4593K, capacity 4698K, committed 4736K, reserved 1048576K
Event: 19,774 GC heap after
Heap after GC invocations=17 (full 5):
 PSYoungGen      total 171520K, used 62974K [0x00000000ec300000, 0x0000000100000000, 0x0000000100000000)
  eden space 108544K, 0% used [0x00000000ec300000,0x00000000ec300000,0x00000000f2d00000)
  from space 62976K, 99% used [0x00000000fb780000,0x00000000ff4ffa80,0x00000000ff500000)
  to   space 108032K, 0% used [0x00000000f2d00000,0x00000000f2d00000,0x00000000f9680000)
 ParOldGen       total 227840K, used 226488K [0x00000000c4800000, 0x00000000d2680000, 0x00000000ec300000)
  object space 227840K, 99% used [0x00000000c4800000,0x00000000d252e1e0,0x00000000d2680000)
 Metaspace       used 34216K, capacity 34540K, committed 34688K, reserved 1079296K
  class space    used 4593K, capacity 4698K, committed 4736K, reserved 1048576K
}
Event: 19,774 GC heap before
{Heap before GC invocations=18 (full 6):
 PSYoungGen      total 171520K, used 62974K [0x00000000ec300000, 0x0000000100000000, 0x0000000100000000)
  eden space 108544K, 0% used [0x00000000ec300000,0x00000000ec300000,0x00000000f2d00000)
  from space 62976K, 99% used [0x00000000fb780000,0x00000000ff4ffa80,0x00000000ff500000)
  to   space 108032K, 0% used [0x00000000f2d00000,0x00000000f2d00000,0x00000000f9680000)
 ParOldGen       total 227840K, used 226488K [0x00000000c4800000, 0x00000000d2680000, 0x00000000ec300000)
  object space 227840K, 99% used [0x00000000c4800000,0x00000000d252e1e0,0x00000000d2680000)
 Metaspace       used 34216K, capacity 34540K, committed 34688K, reserved 1079296K
  class space    used 4593K, capacity 4698K, committed 4736K, reserved 1048576K

