# JRE version: OpenJDK Runtime Environment (8.0_92-b14) (build 1.8.0_92-b14)
# Java VM: OpenJDK 64-Bit Server VM (25.92-b14 mixed mode linux-amd64 compressed oops)
Heap:
 PSYoungGen      total 171520K, used 59388K [0x00000000ec300000, 0x0000000100000000, 0x0000000100000000)
  eden space 109568K, 0% used [0x00000000ec300000,0x00000000ec300000,0x00000000f2e00000)
  from space 61952K, 95% used [0x00000000fb100000,0x00000000feaff2f8,0x00000000fed80000)
  to   space 107520K, 0% used [0x00000000f2e00000,0x00000000f2e00000,0x00000000f9700000)
 ParOldGen       total 238080K, used 237903K [0x00000000c4800000, 0x00000000d3080000, 0x00000000ec300000)
  object space 238080K, 99% used [0x00000000c4800000,0x00000000d3053dc8,0x00000000d3080000)
 Metaspace       used 33452K, capacity 33792K, committed 34048K, reserved 1079296K
  class space    used 4442K, capacity 4536K, committed 4608K, reserved 1048576K
GC Heap History (10 events):
Event: 19,637 GC heap after
Heap after GC invocations=15 (full 3):
 PSYoungGen      total 149504K, used 20470K [0x00000000ec300000, 0x00000000f8100000, 0x0000000100000000)
  eden space 129024K, 0% used [0x00000000ec300000,0x00000000ec300000,0x00000000f4100000)
  from space 20480K, 99% used [0x00000000f6d00000,0x00000000f80fd878,0x00000000f8100000)
  to   space 31744K, 0% used [0x00000000f4300000,0x00000000f4300000,0x00000000f6200000)
 ParOldGen       total 79872K, used 62584K [0x00000000c4800000, 0x00000000c9600000, 0x00000000ec300000)
  object space 79872K, 78% used [0x00000000c4800000,0x00000000c851e348,0x00000000c9600000)
 Metaspace       used 32564K, capacity 32886K, committed 33152K, reserved 1077248K
  class space    used 4324K, capacity 4433K, committed 4480K, reserved 1048576K
}
Event: 19,637 GC heap before
{Heap before GC invocations=16 (full 4):
 PSYoungGen      total 149504K, used 20470K [0x00000000ec300000, 0x00000000f8100000, 0x0000000100000000)
  eden space 129024K, 0% used [0x00000000ec300000,0x00000000ec300000,0x00000000f4100000)
  from space 20480K, 99% used [0x00000000f6d00000,0x00000000f80fd878,0x00000000f8100000)
  to   space 31744K, 0% used [0x00000000f4300000,0x00000000f4300000,0x00000000f6200000)
 ParOldGen       total 79872K, used 62584K [0x00000000c4800000, 0x00000000c9600000, 0x00000000ec300000)
  object space 79872K, 78% used [0x00000000c4800000,0x00000000c851e348,0x00000000c9600000)
 Metaspace       used 32564K, capacity 32886K, committed 33152K, reserved 1077248K
  class space    used 4324K, capacity 4433K, committed 4480K, reserved 1048576K
Event: 19,675 GC heap after
Heap after GC invocations=16 (full 4):
 PSYoungGen      total 149504K, used 0K [0x00000000ec300000, 0x00000000f8100000, 0x0000000100000000)
  eden space 129024K, 0% used [0x00000000ec300000,0x00000000ec300000,0x00000000f4100000)
  from space 20480K, 0% used [0x00000000f6d00000,0x00000000f6d00000,0x00000000f8100000)
  to   space 31744K, 0% used [0x00000000f4300000,0x00000000f4300000,0x00000000f6200000)
 ParOldGen       total 129024K, used 78511K [0x00000000c4800000, 0x00000000cc600000, 0x00000000ec300000)
  object space 129024K, 60% used [0x00000000c4800000,0x00000000c94abfc0,0x00000000cc600000)
 Metaspace       used 32564K, capacity 32886K, committed 33152K, reserved 1077248K
  class space    used 4324K, capacity 4433K, committed 4480K, reserved 1048576K
}
Event: 20,004 GC heap before
{Heap before GC invocations=17 (full 4):
 PSYoungGen      total 149504K, used 129024K [0x00000000ec300000, 0x00000000f8100000, 0x0000000100000000)
  eden space 129024K, 100% used [0x00000000ec300000,0x00000000f4100000,0x00000000f4100000)
  from space 20480K, 0% used [0x00000000f6d00000,0x00000000f6d00000,0x00000000f8100000)
  to   space 31744K, 0% used [0x00000000f4300000,0x00000000f4300000,0x00000000f6200000)
 ParOldGen       total 129024K, used 78511K [0x00000000c4800000, 0x00000000cc600000, 0x00000000ec300000)
  object space 129024K, 60% used [0x00000000c4800000,0x00000000c94abfc0,0x00000000cc600000)
 Metaspace       used 33382K, capacity 33722K, committed 34048K, reserved 1079296K
  class space    used 4433K, capacity 4535K, committed 4608K, reserved 1048576K
Event: 20,073 GC heap after
Heap after GC invocations=17 (full 4):
 PSYoungGen      total 162816K, used 31727K [0x00000000ec300000, 0x00000000fed80000, 0x0000000100000000)
  eden space 131072K, 0% used [0x00000000ec300000,0x00000000ec300000,0x00000000f4300000)
  from space 31744K, 99% used [0x00000000f4300000,0x00000000f61fbcb0,0x00000000f6200000)
  to   space 61952K, 0% used [0x00000000fb100000,0x00000000fb100000,0x00000000fed80000)
 ParOldGen       total 144384K, used 144096K [0x00000000c4800000, 0x00000000cd500000, 0x00000000ec300000)
  object space 144384K, 99% used [0x00000000c4800000,0x00000000cd4b83c8,0x00000000cd500000)
 Metaspace       used 33382K, capacity 33722K, committed 34048K, reserved 1079296K
  class space    used 4433K, capacity 4535K, committed 4608K, reserved 1048576K
}
Event: 20,073 GC heap before
{Heap before GC invocations=18 (full 5):
 PSYoungGen      total 162816K, used 31727K [0x00000000ec300000, 0x00000000fed80000, 0x0000000100000000)
  eden space 131072K, 0% used [0x00000000ec300000,0x00000000ec300000,0x00000000f4300000)
  from space 31744K, 99% used [0x00000000f4300000,0x00000000f61fbcb0,0x00000000f6200000)
  to   space 61952K, 0% used [0x00000000fb100000,0x00000000fb100000,0x00000000fed80000)
 ParOldGen       total 144384K, used 144096K [0x00000000c4800000, 0x00000000cd500000, 0x00000000ec300000)
  object space 144384K, 99% used [0x00000000c4800000,0x00000000cd4b83c8,0x00000000cd500000)
 Metaspace       used 33382K, capacity 33722K, committed 34048K, reserved 1079296K
  class space    used 4433K, capacity 4535K, committed 4608K, reserved 1048576K
Event: 20,198 GC heap after
Heap after GC invocations=18 (full 5):
 PSYoungGen      total 162816K, used 26092K [0x00000000ec300000, 0x00000000fed80000, 0x0000000100000000)
  eden space 131072K, 0% used [0x00000000ec300000,0x00000000ec300000,0x00000000f4300000)
  from space 31744K, 82% used [0x00000000f4300000,0x00000000f5c7b1d0,0x00000000f6200000)
  to   space 61952K, 0% used [0x00000000fb100000,0x00000000fb100000,0x00000000fed80000)
 ParOldGen       total 225280K, used 143939K [0x00000000c4800000, 0x00000000d2400000, 0x00000000ec300000)
  object space 225280K, 63% used [0x00000000c4800000,0x00000000cd490f30,0x00000000d2400000)
 Metaspace       used 33382K, capacity 33722K, committed 34048K, reserved 1079296K
  class space    used 4433K, capacity 4535K, committed 4608K, reserved 1048576K
}
Event: 20,232 GC heap before
{Heap before GC invocations=19 (full 5):
 PSYoungGen      total 162816K, used 157150K [0x00000000ec300000, 0x00000000fed80000, 0x0000000100000000)
  eden space 131072K, 99% used [0x00000000ec300000,0x00000000f42fc860,0x00000000f4300000)
  from space 31744K, 82% used [0x00000000f4300000,0x00000000f5c7b1d0,0x00000000f6200000)
  to   space 61952K, 0% used [0x00000000fb100000,0x00000000fb100000,0x00000000fed80000)
 ParOldGen       total 225280K, used 143939K [0x00000000c4800000, 0x00000000d2400000, 0x00000000ec300000)
  object space 225280K, 63% used [0x00000000c4800000,0x00000000cd490f30,0x00000000d2400000)
 Metaspace       used 33452K, capacity 33792K, committed 34048K, reserved 1079296K
  class space    used 4442K, capacity 4536K, committed 4608K, reserved 1048576K
Event: 20,322 GC heap after
Heap after GC invocations=19 (full 5):
 PSYoungGen      total 171520K, used 61950K [0x00000000ec300000, 0x0000000100000000, 0x0000000100000000)
  eden space 109568K, 0% used [0x00000000ec300000,0x00000000ec300000,0x00000000f2e00000)
  from space 61952K, 99% used [0x00000000fb100000,0x00000000fed7f860,0x00000000fed80000)
  to   space 107520K, 0% used [0x00000000f2e00000,0x00000000f2e00000,0x00000000f9700000)
 ParOldGen       total 238080K, used 236660K [0x00000000c4800000, 0x00000000d3080000, 0x00000000ec300000)
  object space 238080K, 99% used [0x00000000c4800000,0x00000000d2f1d1c0,0x00000000d3080000)
 Metaspace       used 33452K, capacity 33792K, committed 34048K, reserved 1079296K
  class space    used 4442K, capacity 4536K, committed 4608K, reserved 1048576K
}
Event: 20,322 GC heap before
{Heap before GC invocations=20 (full 6):
 PSYoungGen      total 171520K, used 61950K [0x00000000ec300000, 0x0000000100000000, 0x0000000100000000)
  eden space 109568K, 0% used [0x00000000ec300000,0x00000000ec300000,0x00000000f2e00000)
  from space 61952K, 99% used [0x00000000fb100000,0x00000000fed7f860,0x00000000fed80000)
  to   space 107520K, 0% used [0x00000000f2e00000,0x00000000f2e00000,0x00000000f9700000)
 ParOldGen       total 238080K, used 236660K [0x00000000c4800000, 0x00000000d3080000, 0x00000000ec300000)
  object space 238080K, 99% used [0x00000000c4800000,0x00000000d2f1d1c0,0x00000000d3080000)
 Metaspace       used 33452K, capacity 33792K, committed 34048K, reserved 1079296K
  class space    used 4442K, capacity 4536K, committed 4608K, reserved 1048576K

